<?xml version="1.0" encoding="UTF-8"?>
<!-- Generated by org.testng.reporters.JUnitXMLReporter -->
<testsuite hostname="Raluca" name="Default test" tests="25" failures="0" timestamp="8 Mar 2015 19:09:01 GMT" time="0.247" errors="0">
  <testcase name="testAdunare" time="0.022" classname="tp.tema1.polinom.TestPolinom"/>
  <testcase name="testImpartire" time="0.005" classname="tp.tema1.polinom.TestPolinom"/>
  <testcase name="testScadere" time="0.002" classname="tp.tema1.polinom.TestPolinom"/>
  <testcase name="testValoareDerivataP" time="0.003" classname="tp.tema1.polinom.TestPolinom"/>
  <testcase name="testValoareDerivataP" time="0.007" classname="tp.tema1.polinom.TestPolinom"/>
  <testcase name="testValoareDerivataP" time="0.002" classname="tp.tema1.polinom.TestPolinom"/>
  <testcase name="testValoareDerivataP" time="0.001" classname="tp.tema1.polinom.TestPolinom"/>
  <testcase name="testValoareDerivataP" time="0.007" classname="tp.tema1.polinom.TestPolinom"/>
  <testcase name="testValoareDerivataP" time="0.002" classname="tp.tema1.polinom.TestPolinom"/>
  <testcase name="testValoareDerivataQ" time="0.002" classname="tp.tema1.polinom.TestPolinom"/>
  <testcase name="testValoareDerivataQ" time="0.003" classname="tp.tema1.polinom.TestPolinom"/>
  <testcase name="testValoareDerivataQ" time="0.001" classname="tp.tema1.polinom.TestPolinom"/>
  <testcase name="testValoareDerivataQ" time="0.015" classname="tp.tema1.polinom.TestPolinom"/>
  <testcase name="testValoareDerivataQ" time="0.005" classname="tp.tema1.polinom.TestPolinom"/>
  <testcase name="testValoareDerivataQ" time="0.002" classname="tp.tema1.polinom.TestPolinom"/>
  <testcase name="testValoareDerivataT" time="0.002" classname="tp.tema1.polinom.TestPolinom"/>
  <testcase name="testValoareDerivataT" time="0.002" classname="tp.tema1.polinom.TestPolinom"/>
  <testcase name="testValoareDerivataT" time="0.001" classname="tp.tema1.polinom.TestPolinom"/>
  <testcase name="testValoareDerivataT" time="0.002" classname="tp.tema1.polinom.TestPolinom"/>
  <testcase name="testValoareDerivataT" time="0.001" classname="tp.tema1.polinom.TestPolinom"/>
  <testcase name="testValoareDerivataT" time="0.001" classname="tp.tema1.polinom.TestPolinom"/>
  <testcase name="testValoarePolinom" time="0.003" classname="tp.tema1.polinom.TestPolinom"/>
  <testcase name="testValoarePolinom" time="0.002" classname="tp.tema1.polinom.TestPolinom"/>
  <testcase name="testValoarePolinom" time="0.002" classname="tp.tema1.polinom.TestPolinom"/>
  <testcase name="testValoarePolinom" time="0.001" classname="tp.tema1.polinom.TestPolinom"/>
</testsuite> <!-- Default test -->
